<mxlibrary>[{"xml":"7Vltb5s6FP41fKTCNpDkY6BhutI2TbeT9tkFJ/EtsZlxSrNff4+NSYigWyelUVIFqa193uxzzsNTAx5JNy+fFK3WX2TBSo8sPJIqKXU72rykrCw9HPDCI/cexgH8eDh7RYusNqioYkK/xQG3Ds+03LJW0gpqvSudYKXktnJmTGn2crRULoVguaaPnXkw3II1det/YnLDtNqBScMLvW4t4plzWzO+Wjs30glp7Xay9z1kBAOX1HiCZCTBuIQVkqWE/ZkESqmsJv65NWVPPEwCe/VF8cr8Teb/fp2D08P3xdf0n88w2npp5CXpTsOuYrqpwEg81pX1CQS1pVRScDZUt9uABNqdtCsMyl+vaWWGCqoMemiGKJhJDsGsWXPNHiqaG4sGUASytd6UTg2+hWxgEpgJ7OOJpS5dIQUzReBlme4rQOIwSRbQq4Sq/IH/MlFJ4Grl5ig0sWBJLlaf2dL0KsSdids2cvNe5MxeJnLJVwJkpfW1Zhnd8HIHskeqBPVrzUTOyy6m3Cqb3lrrqvZwRKABEbTf/Ko11Tz380LcUYDmnX7uie3QhKjt6Ci437BHK23kcontKDH6B6dOZFnctbquJyPg74Mcj4PcORAH5Z3zd9P+LRCP3ALhCe6AcHAHoFdBBp68qg0wKqY4LMXUQfrtIOoDAo91/zfIAzAs7TWEHwomZLbYe/xw1QmHcNpH6OCUQyP2O/vIgOpDZgQx8QkQE/2JM5ct4Rz48bjOPdr8O3ptO2L6Ad3ImqY5NCGrIG72zAsmofpZMIumGPlBgH1jXcmyfqL+U8NqzamvZCPgn5aiDRCv4NTGu0C6zaYpmZ6Vbk9PZZPofFQWD4A5PK5cCJVleEbQjcp+CyiHoHgEQe/EbJMTMltBNfWNm1+r/MjnmMbG+rDvQteDsQ509X+1+gP+nBeK1SYLCLq1G7hE0gumiym6btJD4RkPcNMBaMmlst58ESKCb6z3BtZDZARC70R7s9PR3thB7T0Z7vL4K7qfZLPZdfMXDs54ausednvwCy+VwDAJw+j+RmBvIbDZ+c5tCH3Ug9vfPSB/ke3rRvtisXv16KWhN52YxGQjS8FWcn8ExMGvg/y/7mWkaSI3YBVMy8bIL5BmY5TG6eLKaXZyxmMiGr7Ljy6VZhGez5PoRrNvoNk9f56DZv/4teRj0exySeC60eyV0yw559M4Gn5PiW80e/U0S97vcRymhw/6Vnf0vf9/","w":690,"h":390,"aspect":"fixed"},{"data":"https://openclipart.org/download/263386/polka_walczaca2.svg","w":375,"h":520}]</mxlibrary>